<?xml version="1.0" encoding="UTF-8"?>
<!-- Generated by org.testng.reporters.JUnitXMLReporter -->
<testsuite hostname="lixiangyudeMacBook-Air.local" ignored="0" name="/Users/lixiangyu/project/XunitDemo-master" tests="4" failures="0" timestamp="27 十二月 2018 15:39:43 GMT" time="0.12" errors="0">
  <testcase name="testLogin" time="0.028" classname="MyTestXunit.LoginTest"/>
  <testcase name="testLogin" time="0.0" classname="MyTestXunit.LoginTest"/>
  <testcase name="testLogin" time="0.0" classname="MyTestXunit.LoginTest"/>
  <testcase name="testLogin" time="0.002" classname="MyTestXunit.LoginTest"/>
</testsuite> <!-- /Users/lixiangyu/project/XunitDemo-master -->
