<?xml version="1.0" encoding="UTF-8"?>
<!-- Generated by org.testng.reporters.JUnitXMLReporter -->
<testsuite hostname="lixiangyudeMacBook-Air.local" ignored="0" name="/Users/lixiangyu/project/XunitDemo-master" tests="7" failures="0" timestamp="28 十二月 2018 14:25:13 GMT" time="0.146" errors="0">
  <testcase name="testLogin" time="0.022" classname="MyTestXunit.LoginTest"/>
  <testcase name="testLogin" time="0.0" classname="MyTestXunit.LoginTest"/>
  <testcase name="testLogin" time="0.001" classname="MyTestXunit.LoginTest"/>
  <testcase name="testLogin" time="0.0" classname="MyTestXunit.LoginTest"/>
  <testcase name="testGetPrice" time="0.001" classname="MyTestXunit.ShoppingTest"/>
  <testcase name="testGetPrice" time="0.0" classname="MyTestXunit.ShoppingTest"/>
  <testcase name="testGetPrice" time="0.001" classname="MyTestXunit.ShoppingTest"/>
</testsuite> <!-- /Users/lixiangyu/project/XunitDemo-master -->
