<?xml version="1.0" encoding="UTF-8"?>
<testng-results skipped="0" failed="0" ignored="0" total="7" passed="7">
  <reporter-output>
  </reporter-output>
  <suite name="All Test Suite" duration-ms="146" started-at="2018-12-28T14:25:13Z" finished-at="2018-12-28T14:25:13Z">
    <groups>
    </groups>
    <test name="/Users/lixiangyu/project/XunitDemo-master" duration-ms="146" started-at="2018-12-28T14:25:13Z" finished-at="2018-12-28T14:25:13Z">
      <class name="MyTestXunit.ShoppingTest">
        <test-method status="PASS" signature="beforeMethod()[pri:0, instance:MyTestXunit.ShoppingTest@1fbc7afb]" name="beforeMethod" is-config="true" duration-ms="2" started-at="2018-12-28T14:25:13Z" finished-at="2018-12-28T14:25:13Z">
          <reporter-output>
          </reporter-output>
        </test-method> <!-- beforeMethod -->
        <test-method status="PASS" signature="testGetPrice(int, int)[pri:0, instance:MyTestXunit.ShoppingTest@1fbc7afb]" name="testGetPrice" duration-ms="1" started-at="2018-12-28T14:25:13Z" data-provider="getProPrice" finished-at="2018-12-28T14:25:13Z">
          <params>
            <param index="0">
              <value>
                <![CDATA[1]]>
              </value>
            </param>
            <param index="1">
              <value>
                <![CDATA[200]]>
              </value>
            </param>
          </params>
          <reporter-output>
          </reporter-output>
        </test-method> <!-- testGetPrice -->
        <test-method status="PASS" signature="beforeMethod()[pri:0, instance:MyTestXunit.ShoppingTest@1fbc7afb]" name="beforeMethod" is-config="true" duration-ms="4" started-at="2018-12-28T14:25:13Z" finished-at="2018-12-28T14:25:13Z">
          <reporter-output>
          </reporter-output>
        </test-method> <!-- beforeMethod -->
        <test-method status="PASS" signature="AfterMethod()[pri:0, instance:MyTestXunit.ShoppingTest@1fbc7afb]" name="AfterMethod" is-config="true" duration-ms="0" started-at="2018-12-28T14:25:13Z" finished-at="2018-12-28T14:25:13Z">
          <reporter-output>
          </reporter-output>
        </test-method> <!-- AfterMethod -->
        <test-method status="PASS" signature="testGetPrice(int, int)[pri:0, instance:MyTestXunit.ShoppingTest@1fbc7afb]" name="testGetPrice" duration-ms="0" started-at="2018-12-28T14:25:13Z" data-provider="getProPrice" finished-at="2018-12-28T14:25:13Z">
          <params>
            <param index="0">
              <value>
                <![CDATA[0]]>
              </value>
            </param>
            <param index="1">
              <value>
                <![CDATA[-1]]>
              </value>
            </param>
          </params>
          <reporter-output>
          </reporter-output>
        </test-method> <!-- testGetPrice -->
        <test-method status="PASS" signature="AfterMethod()[pri:0, instance:MyTestXunit.ShoppingTest@1fbc7afb]" name="AfterMethod" is-config="true" duration-ms="3" started-at="2018-12-28T14:25:13Z" finished-at="2018-12-28T14:25:13Z">
          <reporter-output>
          </reporter-output>
        </test-method> <!-- AfterMethod -->
        <test-method status="PASS" signature="beforeMethod()[pri:0, instance:MyTestXunit.ShoppingTest@1fbc7afb]" name="beforeMethod" is-config="true" duration-ms="3" started-at="2018-12-28T14:25:13Z" finished-at="2018-12-28T14:25:13Z">
          <reporter-output>
          </reporter-output>
        </test-method> <!-- beforeMethod -->
        <test-method status="PASS" signature="testGetPrice(int, int)[pri:0, instance:MyTestXunit.ShoppingTest@1fbc7afb]" name="testGetPrice" duration-ms="1" started-at="2018-12-28T14:25:13Z" data-provider="getProPrice" finished-at="2018-12-28T14:25:13Z">
          <params>
            <param index="0">
              <value>
                <![CDATA[3]]>
              </value>
            </param>
            <param index="1">
              <value>
                <![CDATA[80]]>
              </value>
            </param>
          </params>
          <reporter-output>
          </reporter-output>
        </test-method> <!-- testGetPrice -->
        <test-method status="PASS" signature="AfterMethod()[pri:0, instance:MyTestXunit.ShoppingTest@1fbc7afb]" name="AfterMethod" is-config="true" duration-ms="0" started-at="2018-12-28T14:25:13Z" finished-at="2018-12-28T14:25:13Z">
          <reporter-output>
          </reporter-output>
        </test-method> <!-- AfterMethod -->
      </class> <!-- MyTestXunit.ShoppingTest -->
      <class name="MyTestXunit.LoginTest">
        <test-method status="PASS" signature="testLogin(java.lang.String, java.lang.String, java.lang.String)[pri:0, instance:MyTestXunit.LoginTest@5e025e70]" name="testLogin" duration-ms="22" started-at="2018-12-28T14:25:13Z" data-provider="getUsers" finished-at="2018-12-28T14:25:13Z">
          <params>
            <param index="0">
              <value>
                <![CDATA[zhangsan]]>
              </value>
            </param>
            <param index="1">
              <value>
                <![CDATA[123456]]>
              </value>
            </param>
            <param index="2">
              <value>
                <![CDATA[欢迎zhangsan]]>
              </value>
            </param>
          </params>
          <reporter-output>
          </reporter-output>
        </test-method> <!-- testLogin -->
        <test-method status="PASS" signature="testLogin(java.lang.String, java.lang.String, java.lang.String)[pri:0, instance:MyTestXunit.LoginTest@5e025e70]" name="testLogin" duration-ms="0" started-at="2018-12-28T14:25:13Z" data-provider="getUsers" finished-at="2018-12-28T14:25:13Z">
          <params>
            <param index="0">
              <value>
                <![CDATA[lisi]]>
              </value>
            </param>
            <param index="1">
              <value>
                <![CDATA[]]>
              </value>
            </param>
            <param index="2">
              <value>
                <![CDATA[用户名或密码不能为空]]>
              </value>
            </param>
          </params>
          <reporter-output>
          </reporter-output>
        </test-method> <!-- testLogin -->
        <test-method status="PASS" signature="testLogin(java.lang.String, java.lang.String, java.lang.String)[pri:0, instance:MyTestXunit.LoginTest@5e025e70]" name="testLogin" duration-ms="1" started-at="2018-12-28T14:25:13Z" data-provider="getUsers" finished-at="2018-12-28T14:25:13Z">
          <params>
            <param index="0">
              <value>
                <![CDATA[]]>
              </value>
            </param>
            <param index="1">
              <value>
                <![CDATA[]]>
              </value>
            </param>
            <param index="2">
              <value>
                <![CDATA[用户名或密码不能为空]]>
              </value>
            </param>
          </params>
          <reporter-output>
          </reporter-output>
        </test-method> <!-- testLogin -->
        <test-method status="PASS" signature="testLogin(java.lang.String, java.lang.String, java.lang.String)[pri:0, instance:MyTestXunit.LoginTest@5e025e70]" name="testLogin" duration-ms="0" started-at="2018-12-28T14:25:13Z" data-provider="getUsers" finished-at="2018-12-28T14:25:13Z">
          <params>
            <param index="0">
              <value>
                <![CDATA[admin]]>
              </value>
            </param>
            <param index="1">
              <value>
                <![CDATA[123456]]>
              </value>
            </param>
            <param index="2">
              <value>
                <![CDATA[欢迎管理员]]>
              </value>
            </param>
          </params>
          <reporter-output>
          </reporter-output>
        </test-method> <!-- testLogin -->
      </class> <!-- MyTestXunit.LoginTest -->
    </test> <!-- /Users/lixiangyu/project/XunitDemo-master -->
  </suite> <!-- All Test Suite -->
</testng-results>
