<?xml version="1.0" encoding="UTF-8"?>
<testng-results skipped="0" failed="1" ignored="0" total="14" passed="13">
  <reporter-output>
  </reporter-output>
  <suite name="All Test Suite" duration-ms="233" started-at="2019-01-02T08:50:12Z" finished-at="2019-01-02T08:50:13Z">
    <groups>
    </groups>
    <test name="D:/git1/XunitDemo" duration-ms="233" started-at="2019-01-02T08:50:12Z" finished-at="2019-01-02T08:50:13Z">
      <class name="TestXunit.ShoppingBuysTest">
        <test-method status="PASS" signature="testGetStatus(java.lang.String, java.lang.String, int, int, int)[pri:0, instance:TestXunit.ShoppingBuysTest@71c7db30]" name="testGetStatus" duration-ms="36" started-at="2019-01-02T08:50:13Z" data-provider="getProStatus" finished-at="2019-01-02T08:50:13Z">
          <params>
            <param index="0">
              <value>
                <![CDATA[]]>
              </value>
            </param>
            <param index="1">
              <value>
                <![CDATA[123456]]>
              </value>
            </param>
            <param index="2">
              <value>
                <![CDATA[1]]>
              </value>
            </param>
            <param index="3">
              <value>
                <![CDATA[0]]>
              </value>
            </param>
            <param index="4">
              <value>
                <![CDATA[-2]]>
              </value>
            </param>
          </params>
          <reporter-output>
          </reporter-output>
        </test-method> <!-- testGetStatus -->
        <test-method status="PASS" signature="testGetStatus(java.lang.String, java.lang.String, int, int, int)[pri:0, instance:TestXunit.ShoppingBuysTest@71c7db30]" name="testGetStatus" duration-ms="1" started-at="2019-01-02T08:50:13Z" data-provider="getProStatus" finished-at="2019-01-02T08:50:13Z">
          <params>
            <param index="0">
              <value>
                <![CDATA[]]>
              </value>
            </param>
            <param index="1">
              <value>
                <![CDATA[]]>
              </value>
            </param>
            <param index="2">
              <value>
                <![CDATA[1]]>
              </value>
            </param>
            <param index="3">
              <value>
                <![CDATA[0]]>
              </value>
            </param>
            <param index="4">
              <value>
                <![CDATA[-2]]>
              </value>
            </param>
          </params>
          <reporter-output>
          </reporter-output>
        </test-method> <!-- testGetStatus -->
        <test-method status="PASS" signature="testGetStatus(java.lang.String, java.lang.String, int, int, int)[pri:0, instance:TestXunit.ShoppingBuysTest@71c7db30]" name="testGetStatus" duration-ms="0" started-at="2019-01-02T08:50:13Z" data-provider="getProStatus" finished-at="2019-01-02T08:50:13Z">
          <params>
            <param index="0">
              <value>
                <![CDATA[zhangsan]]>
              </value>
            </param>
            <param index="1">
              <value>
                <![CDATA[]]>
              </value>
            </param>
            <param index="2">
              <value>
                <![CDATA[1]]>
              </value>
            </param>
            <param index="3">
              <value>
                <![CDATA[0]]>
              </value>
            </param>
            <param index="4">
              <value>
                <![CDATA[-2]]>
              </value>
            </param>
          </params>
          <reporter-output>
          </reporter-output>
        </test-method> <!-- testGetStatus -->
        <test-method status="PASS" signature="testGetStatus(java.lang.String, java.lang.String, int, int, int)[pri:0, instance:TestXunit.ShoppingBuysTest@71c7db30]" name="testGetStatus" duration-ms="1" started-at="2019-01-02T08:50:13Z" data-provider="getProStatus" finished-at="2019-01-02T08:50:13Z">
          <params>
            <param index="0">
              <value>
                <![CDATA[admin]]>
              </value>
            </param>
            <param index="1">
              <value>
                <![CDATA[123456]]>
              </value>
            </param>
            <param index="2">
              <value>
                <![CDATA[1]]>
              </value>
            </param>
            <param index="3">
              <value>
                <![CDATA[0]]>
              </value>
            </param>
            <param index="4">
              <value>
                <![CDATA[-1]]>
              </value>
            </param>
          </params>
          <reporter-output>
          </reporter-output>
        </test-method> <!-- testGetStatus -->
        <test-method status="PASS" signature="testGetStatus(java.lang.String, java.lang.String, int, int, int)[pri:0, instance:TestXunit.ShoppingBuysTest@71c7db30]" name="testGetStatus" duration-ms="1" started-at="2019-01-02T08:50:13Z" data-provider="getProStatus" finished-at="2019-01-02T08:50:13Z">
          <params>
            <param index="0">
              <value>
                <![CDATA[zhangsan]]>
              </value>
            </param>
            <param index="1">
              <value>
                <![CDATA[123456]]>
              </value>
            </param>
            <param index="2">
              <value>
                <![CDATA[1]]>
              </value>
            </param>
            <param index="3">
              <value>
                <![CDATA[0]]>
              </value>
            </param>
            <param index="4">
              <value>
                <![CDATA[-1]]>
              </value>
            </param>
          </params>
          <reporter-output>
          </reporter-output>
        </test-method> <!-- testGetStatus -->
        <test-method status="PASS" signature="testGetStatus(java.lang.String, java.lang.String, int, int, int)[pri:0, instance:TestXunit.ShoppingBuysTest@71c7db30]" name="testGetStatus" duration-ms="1" started-at="2019-01-02T08:50:13Z" data-provider="getProStatus" finished-at="2019-01-02T08:50:13Z">
          <params>
            <param index="0">
              <value>
                <![CDATA[zhangsan]]>
              </value>
            </param>
            <param index="1">
              <value>
                <![CDATA[123456]]>
              </value>
            </param>
            <param index="2">
              <value>
                <![CDATA[2]]>
              </value>
            </param>
            <param index="3">
              <value>
                <![CDATA[10]]>
              </value>
            </param>
            <param index="4">
              <value>
                <![CDATA[1]]>
              </value>
            </param>
          </params>
          <reporter-output>
          </reporter-output>
        </test-method> <!-- testGetStatus -->
        <test-method status="PASS" signature="testGetStatus(java.lang.String, java.lang.String, int, int, int)[pri:0, instance:TestXunit.ShoppingBuysTest@71c7db30]" name="testGetStatus" duration-ms="0" started-at="2019-01-02T08:50:13Z" data-provider="getProStatus" finished-at="2019-01-02T08:50:13Z">
          <params>
            <param index="0">
              <value>
                <![CDATA[zhangsan]]>
              </value>
            </param>
            <param index="1">
              <value>
                <![CDATA[123456]]>
              </value>
            </param>
            <param index="2">
              <value>
                <![CDATA[3]]>
              </value>
            </param>
            <param index="3">
              <value>
                <![CDATA[1]]>
              </value>
            </param>
            <param index="4">
              <value>
                <![CDATA[1]]>
              </value>
            </param>
          </params>
          <reporter-output>
          </reporter-output>
        </test-method> <!-- testGetStatus -->
        <test-method status="PASS" signature="testGetStatus(java.lang.String, java.lang.String, int, int, int)[pri:0, instance:TestXunit.ShoppingBuysTest@71c7db30]" name="testGetStatus" duration-ms="3" started-at="2019-01-02T08:50:13Z" data-provider="getProStatus" finished-at="2019-01-02T08:50:13Z">
          <params>
            <param index="0">
              <value>
                <![CDATA[zhangsan]]>
              </value>
            </param>
            <param index="1">
              <value>
                <![CDATA[123456]]>
              </value>
            </param>
            <param index="2">
              <value>
                <![CDATA[1]]>
              </value>
            </param>
            <param index="3">
              <value>
                <![CDATA[1]]>
              </value>
            </param>
            <param index="4">
              <value>
                <![CDATA[0]]>
              </value>
            </param>
          </params>
          <reporter-output>
          </reporter-output>
        </test-method> <!-- testGetStatus -->
        <test-method status="PASS" signature="testGetStatus(java.lang.String, java.lang.String, int, int, int)[pri:0, instance:TestXunit.ShoppingBuysTest@71c7db30]" name="testGetStatus" duration-ms="0" started-at="2019-01-02T08:50:13Z" data-provider="getProStatus" finished-at="2019-01-02T08:50:13Z">
          <params>
            <param index="0">
              <value>
                <![CDATA[zhangsan]]>
              </value>
            </param>
            <param index="1">
              <value>
                <![CDATA[123456]]>
              </value>
            </param>
            <param index="2">
              <value>
                <![CDATA[1]]>
              </value>
            </param>
            <param index="3">
              <value>
                <![CDATA[-1]]>
              </value>
            </param>
            <param index="4">
              <value>
                <![CDATA[-1]]>
              </value>
            </param>
          </params>
          <reporter-output>
          </reporter-output>
        </test-method> <!-- testGetStatus -->
        <test-method status="PASS" signature="testGetStatus(java.lang.String, java.lang.String, int, int, int)[pri:0, instance:TestXunit.ShoppingBuysTest@71c7db30]" name="testGetStatus" duration-ms="0" started-at="2019-01-02T08:50:13Z" data-provider="getProStatus" finished-at="2019-01-02T08:50:13Z">
          <params>
            <param index="0">
              <value>
                <![CDATA[zhangsan]]>
              </value>
            </param>
            <param index="1">
              <value>
                <![CDATA[123456]]>
              </value>
            </param>
            <param index="2">
              <value>
                <![CDATA[2]]>
              </value>
            </param>
            <param index="3">
              <value>
                <![CDATA[11]]>
              </value>
            </param>
            <param index="4">
              <value>
                <![CDATA[0]]>
              </value>
            </param>
          </params>
          <reporter-output>
          </reporter-output>
        </test-method> <!-- testGetStatus -->
        <test-method status="PASS" signature="testGetStatus(java.lang.String, java.lang.String, int, int, int)[pri:0, instance:TestXunit.ShoppingBuysTest@71c7db30]" name="testGetStatus" duration-ms="0" started-at="2019-01-02T08:50:13Z" data-provider="getProStatus" finished-at="2019-01-02T08:50:13Z">
          <params>
            <param index="0">
              <value>
                <![CDATA[zhangsan]]>
              </value>
            </param>
            <param index="1">
              <value>
                <![CDATA[123456]]>
              </value>
            </param>
            <param index="2">
              <value>
                <![CDATA[2]]>
              </value>
            </param>
            <param index="3">
              <value>
                <![CDATA[-1]]>
              </value>
            </param>
            <param index="4">
              <value>
                <![CDATA[-1]]>
              </value>
            </param>
          </params>
          <reporter-output>
          </reporter-output>
        </test-method> <!-- testGetStatus -->
        <test-method status="PASS" signature="testGetStatus(java.lang.String, java.lang.String, int, int, int)[pri:0, instance:TestXunit.ShoppingBuysTest@71c7db30]" name="testGetStatus" duration-ms="1" started-at="2019-01-02T08:50:13Z" data-provider="getProStatus" finished-at="2019-01-02T08:50:13Z">
          <params>
            <param index="0">
              <value>
                <![CDATA[zhangsan]]>
              </value>
            </param>
            <param index="1">
              <value>
                <![CDATA[123456]]>
              </value>
            </param>
            <param index="2">
              <value>
                <![CDATA[3]]>
              </value>
            </param>
            <param index="3">
              <value>
                <![CDATA[2]]>
              </value>
            </param>
            <param index="4">
              <value>
                <![CDATA[0]]>
              </value>
            </param>
          </params>
          <reporter-output>
          </reporter-output>
        </test-method> <!-- testGetStatus -->
        <test-method status="PASS" signature="testGetStatus(java.lang.String, java.lang.String, int, int, int)[pri:0, instance:TestXunit.ShoppingBuysTest@71c7db30]" name="testGetStatus" duration-ms="1" started-at="2019-01-02T08:50:13Z" data-provider="getProStatus" finished-at="2019-01-02T08:50:13Z">
          <params>
            <param index="0">
              <value>
                <![CDATA[zhangsan]]>
              </value>
            </param>
            <param index="1">
              <value>
                <![CDATA[123456]]>
              </value>
            </param>
            <param index="2">
              <value>
                <![CDATA[3]]>
              </value>
            </param>
            <param index="3">
              <value>
                <![CDATA[-2]]>
              </value>
            </param>
            <param index="4">
              <value>
                <![CDATA[-1]]>
              </value>
            </param>
          </params>
          <reporter-output>
          </reporter-output>
        </test-method> <!-- testGetStatus -->
        <test-method status="FAIL" signature="testGetStatus(java.lang.String, java.lang.String, int, int, int)[pri:0, instance:TestXunit.ShoppingBuysTest@71c7db30]" name="testGetStatus" duration-ms="1" started-at="2019-01-02T08:50:13Z" data-provider="getProStatus" finished-at="2019-01-02T08:50:13Z">
          <params>
            <param index="0">
              <value>
                <![CDATA[zhangsan]]>
              </value>
            </param>
            <param index="1">
              <value>
                <![CDATA[123456]]>
              </value>
            </param>
            <param index="2">
              <value>
                <![CDATA[4]]>
              </value>
            </param>
            <param index="3">
              <value>
                <![CDATA[2]]>
              </value>
            </param>
            <param index="4">
              <value>
                <![CDATA[-1]]>
              </value>
            </param>
          </params>
          <exception class="java.lang.NullPointerException">
            <full-stacktrace>
              <![CDATA[java.lang.NullPointerException
at DemoXunit.Shopping.buys(Shopping.java:73)
at TestXunit.ShoppingBuysTest.testGetStatus(ShoppingBuysTest.java:19)
at sun.reflect.NativeMethodAccessorImpl.invoke0(Native Method)
at sun.reflect.NativeMethodAccessorImpl.invoke(NativeMethodAccessorImpl.java:62)
at sun.reflect.DelegatingMethodAccessorImpl.invoke(DelegatingMethodAccessorImpl.java:43)
at java.lang.reflect.Method.invoke(Method.java:498)
at org.testng.internal.MethodInvocationHelper.invokeMethod(MethodInvocationHelper.java:124)
at org.testng.internal.Invoker.invokeMethod(Invoker.java:583)
at org.testng.internal.Invoker.invokeTestMethod(Invoker.java:719)
at org.testng.internal.Invoker.invokeTestMethods(Invoker.java:989)
at org.testng.internal.TestMethodWorker.invokeTestMethods(TestMethodWorker.java:125)
at org.testng.internal.TestMethodWorker.run(TestMethodWorker.java:109)
at org.testng.TestRunner.privateRun(TestRunner.java:648)
at org.testng.TestRunner.run(TestRunner.java:505)
at org.testng.SuiteRunner.runTest(SuiteRunner.java:455)
at org.testng.SuiteRunner.runSequentially(SuiteRunner.java:450)
at org.testng.SuiteRunner.privateRun(SuiteRunner.java:415)
at org.testng.SuiteRunner.run(SuiteRunner.java:364)
at org.testng.SuiteRunnerWorker.runSuite(SuiteRunnerWorker.java:52)
at org.testng.SuiteRunnerWorker.run(SuiteRunnerWorker.java:84)
at org.testng.TestNG.runSuitesSequentially(TestNG.java:1208)
at org.testng.TestNG.runSuitesLocally(TestNG.java:1137)
at org.testng.TestNG.runSuites(TestNG.java:1049)
at org.testng.TestNG.run(TestNG.java:1017)
at org.testng.IDEARemoteTestNG.run(IDEARemoteTestNG.java:72)
at org.testng.RemoteTestNGStarter.main(RemoteTestNGStarter.java:123)
]]>
            </full-stacktrace>
          </exception> <!-- java.lang.NullPointerException -->
          <reporter-output>
          </reporter-output>
        </test-method> <!-- testGetStatus -->
        <test-method status="PASS" signature="AfterMethod()[pri:0, instance:TestXunit.ShoppingBuysTest@71c7db30]" name="AfterMethod" is-config="true" duration-ms="1" started-at="2019-01-02T08:50:13Z" finished-at="2019-01-02T08:50:13Z">
          <reporter-output>
          </reporter-output>
        </test-method> <!-- AfterMethod -->
      </class> <!-- TestXunit.ShoppingBuysTest -->
    </test> <!-- D:/git1/XunitDemo -->
  </suite> <!-- All Test Suite -->
</testng-results>
